<?xml version="1.0" encoding="UTF-8"?>
<robot generator="Robot 3.2.2 (Python 3.8.6 on win32)" generated="20201106 19:14:44.694" rpa="false">
<suite id="s1" name="L001" source="D:\Projects\Python\tictacshop\robot\tests\login\l001.robot">
<test id="s1-t1" name="L001 Iniciar sesión como usuario administrativo de la aplicación.">
<kw name="Aplicacion Debe Estar En Ejecucion" library="general">
<kw name="Create Session" library="RequestsLibrary">
<doc>Create Session: create a HTTP session to a server</doc>
<arguments>
<arg>localhost</arg>
<arg>${URL ADMIN ABSOLUTA}</arg>
<arg>max_retries=0</arg>
</arguments>
<msg timestamp="20201106 19:14:49.058" level="INFO">Creating Session using : alias=localhost, url=http://localhost:8000/admin, headers={},                     cookies={}, auth=None, timeout=None, proxies=None, verify=False,                     debug=0 </msg>
<status status="PASS" starttime="20201106 19:14:49.057" endtime="20201106 19:14:49.058"></status>
</kw>
<kw name="Run Keyword And Ignore Error" library="BuiltIn">
<doc>Runs the given keyword with the given arguments and ignores possible error.</doc>
<arguments>
<arg>GET Request</arg>
<arg>localhost</arg>
<arg>/</arg>
</arguments>
<assign>
<var>${estado}</var>
<var>${respuesta}</var>
</assign>
<kw name="Get Request" library="RequestsLibrary">
<doc>Send a GET request on the session object found using the
given `alias`</doc>
<arguments>
<arg>localhost</arg>
<arg>/</arg>
</arguments>
<msg timestamp="20201106 19:14:51.134" level="INFO">GET Request : url=http://localhost:8000/admin/ (redirected) 
 path_url=/admin/ 
 headers={'User-Agent': 'python-requests/2.24.0', 'Accept-Encoding': 'gzip, deflate', 'Accept': '*/*', 'Connection': 'keep-alive'} 
 body=None 
 </msg>
<msg timestamp="20201106 19:14:51.134" level="INFO">GET Response : url=http://localhost:8000/admin/login/?next=/admin/ 
 status=200, reason=OK 
 body=&lt;!DOCTYPE html&gt;

&lt;html lang="es-co" &gt;
&lt;head&gt;
&lt;title&gt;Iniciar sesión | Administración de Tic-Tac Shop&lt;/title&gt;
&lt;link rel="stylesheet" type="text/css" href="/static/admin/css/base.css"&gt;

  &lt;link rel="stylesheet" type="text/css" href="/static/admin/css/nav_sidebar.css"&gt;
  &lt;script src="/static/admin/js/nav_sidebar.js" defer&gt;&lt;/script&gt;

&lt;link rel="stylesheet" type="text/css" href="/static/admin/css/login.css"&gt;





    &lt;meta name="viewport" content="user-scalable=no, width=device-width, initial-scale=1.0, maximum-scale=1.0"&gt;
    &lt;link rel="stylesheet" type="text/css" href="/static/admin/css/responsive.css"&gt;
    

&lt;meta name="robots" content="NONE,NOARCHIVE"&gt;
&lt;/head&gt;


&lt;body class=" login"
  data-admin-utc-offset="-18000"&gt;

&lt;!-- Container --&gt;
&lt;div id="container"&gt;

    
    &lt;!-- Header --&gt;
    &lt;div id="header"&gt;
        &lt;div id="branding"&gt;
        
&lt;h1 id="site-name"&gt;&lt;a href="/admin/"&gt;Administración de Tic-Tac Shop&lt;/a&gt;&lt;/h1&gt;

        &lt;/div&gt;
        
        
    &lt;/div&gt;
    &lt;!-- END Header --&gt;
    
    

    &lt;div class="main shifted" id="main"&gt;
      
        
      
      &lt;div class="content"&gt;
        
          
        
        &lt;!-- Content --&gt;
        &lt;div id="content" class="colM"&gt;
          
          
          




&lt;div id="content-main"&gt;



&lt;form action="/admin/login/?next=/admin/" method="post" id="login-form"&gt;&lt;input type="hidden" name="csrfmiddlewaretoken" value="uUHPsXKJaaliLysf8Y1twC3vLRMvVrBIpsK4JMcKWtcq4siI6InT43bujS5SRaK5"&gt;
  &lt;div class="form-row"&gt;
    
    &lt;label class="required" for="id_username"&gt;Correo electrónico:&lt;/label&gt; &lt;input type="text" name="username" autofocus autocapitalize="none" autocomplete="username" maxlength="254" required id="id_username"&gt;
  &lt;/div&gt;
  &lt;div class="form-row"&gt;
    
    &lt;label class="required" for="id_password"&gt;Contraseña:&lt;/label&gt; &lt;input type="password" name="password" autocomplete="current-password" required id="id_password"&gt;
    &lt;input type="hidden" name="next" value="/admin/"&gt;
  &lt;/div&gt;
  
  
  &lt;div class="submit-row"&gt;
    &lt;input type="submit" value="Iniciar sesión"&gt;
  &lt;/div&gt;
&lt;/form&gt;

&lt;/div&gt;

          
          &lt;br class="clear"&gt;
        &lt;/div&gt;
        &lt;!-- END Content --&gt;
        &lt;div id="footer"&gt;&lt;/div&gt;
      &lt;/div&gt;
    &lt;/div&gt;
&lt;/div&gt;
&lt;!-- END Container --&gt;
&lt;/body&gt;
&lt;/html&gt;
 
 </msg>
<status status="PASS" starttime="20201106 19:14:49.058" endtime="20201106 19:14:51.134"></status>
</kw>
<msg timestamp="20201106 19:14:51.135" level="INFO">${estado} = PASS</msg>
<msg timestamp="20201106 19:14:51.135" level="INFO">${respuesta} = &lt;Response [200]&gt;</msg>
<status status="PASS" starttime="20201106 19:14:49.058" endtime="20201106 19:14:51.135"></status>
</kw>
<kw name="Evaluate" library="BuiltIn">
<doc>Evaluates the given expression in Python and returns the result.</doc>
<arguments>
<arg>'${estado}' == 'PASS' or type($respuesta).__name__ == 'Response' and $respuesta.status_code == 200</arg>
</arguments>
<assign>
<var>${esta en ejecucuon}</var>
</assign>
<msg timestamp="20201106 19:14:51.140" level="INFO">${esta en ejecucuon} = True</msg>
<status status="PASS" starttime="20201106 19:14:51.135" endtime="20201106 19:14:51.140"></status>
</kw>
<kw name="Should Be True" library="BuiltIn">
<doc>Fails if the given condition is not true.</doc>
<arguments>
<arg>${esta en ejecucuon}</arg>
<arg>La aplicación no se encuentra en ejecución</arg>
</arguments>
<status status="PASS" starttime="20201106 19:14:51.140" endtime="20201106 19:14:51.141"></status>
</kw>
<status status="PASS" starttime="20201106 19:14:49.057" endtime="20201106 19:14:51.141"></status>
</kw>
<kw name="Configurar Directorio Capturas" library="general">
<kw name="Create Directory" library="OperatingSystem">
<doc>Creates the specified directory.</doc>
<arguments>
<arg>${DIRECTORIO CAPTURAS}</arg>
</arguments>
<msg timestamp="20201106 19:14:51.143" level="INFO" html="yes">Created directory '&lt;a href="file://D:\Projects\Python\tictacshop\robot\results\login\l001\capturas"&gt;D:\Projects\Python\tictacshop\robot\results\login\l001\capturas&lt;/a&gt;'.</msg>
<status status="PASS" starttime="20201106 19:14:51.142" endtime="20201106 19:14:51.143"></status>
</kw>
<kw name="Set Screenshot Directory" library="SeleniumLibrary">
<doc>Sets the directory for captured screenshots.</doc>
<arguments>
<arg>${DIRECTORIO CAPTURAS}</arg>
</arguments>
<status status="PASS" starttime="20201106 19:14:51.143" endtime="20201106 19:14:51.144"></status>
</kw>
<kw name="Set Screenshot Directory" library="Screenshot">
<doc>Sets the directory where screenshots are saved.</doc>
<arguments>
<arg>${DIRECTORIO CAPTURAS}</arg>
</arguments>
<status status="PASS" starttime="20201106 19:14:51.144" endtime="20201106 19:14:51.145"></status>
</kw>
<status status="PASS" starttime="20201106 19:14:51.142" endtime="20201106 19:14:51.145"></status>
</kw>
<kw name="Abrir Navegador" library="general">
<kw name="File Should Exist" library="OperatingSystem">
<doc>Fails unless the given ``path`` points to an existing file.</doc>
<arguments>
<arg>${DRIVER PATH}</arg>
<arg>No se encontró el driver "${DRIVER PATH}"</arg>
</arguments>
<msg timestamp="20201106 19:14:51.147" level="INFO" html="yes">File '&lt;a href="file://D:\Projects\Python\tictacshop\robot\resources\chromedriver.exe"&gt;D:\Projects\Python\tictacshop\robot\resources\chromedriver.exe&lt;/a&gt;' exists.</msg>
<status status="PASS" starttime="20201106 19:14:51.146" endtime="20201106 19:14:51.147"></status>
</kw>
<kw name="Create Webdriver" library="SeleniumLibrary">
<doc>Creates an instance of Selenium WebDriver.</doc>
<arguments>
<arg>${BROWSER}</arg>
<arg>executable_path=${DRIVER PATH}</arg>
</arguments>
<msg timestamp="20201106 19:14:51.147" level="INFO">Creating an instance of the Chrome WebDriver.</msg>
<status status="PASS" starttime="20201106 19:14:51.147" endtime="20201106 19:14:56.090"></status>
</kw>
<kw name="Go To" library="SeleniumLibrary">
<doc>Navigates the current browser window to the provided ``url``.</doc>
<arguments>
<arg>about:blank</arg>
</arguments>
<msg timestamp="20201106 19:14:56.090" level="INFO">Opening url 'about:blank'</msg>
<status status="PASS" starttime="20201106 19:14:56.090" endtime="20201106 19:14:56.127"></status>
</kw>
<kw name="Maximize Browser Window" library="SeleniumLibrary">
<doc>Maximizes current browser window.</doc>
<status status="PASS" starttime="20201106 19:14:56.127" endtime="20201106 19:14:58.286"></status>
</kw>
<status status="PASS" starttime="20201106 19:14:51.146" endtime="20201106 19:14:58.286"></status>
</kw>
<kw name="Ir A Pagina Login" library="general">
<kw name="Go To" library="SeleniumLibrary">
<doc>Navigates the current browser window to the provided ``url``.</doc>
<arguments>
<arg>${URL ADMIN LOGIN ABSOLUTA}</arg>
</arguments>
<msg timestamp="20201106 19:14:58.287" level="INFO">Opening url 'http://localhost:8000/admin/login'</msg>
<status status="PASS" starttime="20201106 19:14:58.287" endtime="20201106 19:14:58.976"></status>
</kw>
<status status="PASS" starttime="20201106 19:14:58.287" endtime="20201106 19:14:58.976"></status>
</kw>
<kw name="Sleep" library="BuiltIn">
<doc>Pauses the test executed for the given time.</doc>
<arguments>
<arg>${DELAY}</arg>
</arguments>
<msg timestamp="20201106 19:14:59.292" level="INFO">Slept 300 milliseconds</msg>
<status status="PASS" starttime="20201106 19:14:58.977" endtime="20201106 19:14:59.293"></status>
</kw>
<kw name="Take Screenshot" library="Screenshot">
<doc>Takes a screenshot in JPEG format and embeds it into the log file.</doc>
<arguments>
<arg>Part</arg>
</arguments>
<msg timestamp="20201106 19:15:00.013" level="INFO" html="yes">&lt;a href="capturas/Part_1.jpg"&gt;&lt;img src="capturas/Part_1.jpg" width="800px"&gt;&lt;/a&gt;</msg>
<status status="PASS" starttime="20201106 19:14:59.296" endtime="20201106 19:15:00.013"></status>
</kw>
<kw name="Sleep" library="BuiltIn">
<doc>Pauses the test executed for the given time.</doc>
<arguments>
<arg>${LONG DELAY}</arg>
</arguments>
<msg timestamp="20201106 19:15:01.020" level="INFO">Slept 1 second</msg>
<status status="PASS" starttime="20201106 19:15:00.015" endtime="20201106 19:15:01.020"></status>
</kw>
<kw name="Capture Page Screenshot" library="SeleniumLibrary">
<doc>Takes a screenshot of the current page and embeds it into a log file.</doc>
<arguments>
<arg>Part_{index}.png</arg>
</arguments>
<msg timestamp="20201106 19:15:01.339" level="INFO" html="yes">&lt;/td&gt;&lt;/tr&gt;&lt;tr&gt;&lt;td colspan="3"&gt;&lt;a href="capturas/Part_1.png"&gt;&lt;img src="capturas/Part_1.png" width="800px"&gt;&lt;/a&gt;</msg>
<status status="PASS" starttime="20201106 19:15:01.021" endtime="20201106 19:15:01.339"></status>
</kw>
<kw name="Sleep" library="BuiltIn">
<doc>Pauses the test executed for the given time.</doc>
<arguments>
<arg>${LONG DELAY}</arg>
</arguments>
<msg timestamp="20201106 19:15:02.355" level="INFO">Slept 1 second</msg>
<status status="PASS" starttime="20201106 19:15:01.340" endtime="20201106 19:15:02.355"></status>
</kw>
<kw name="Input Text" library="SeleniumLibrary">
<doc>Types the given ``text`` into the text field identified by ``locator``.</doc>
<arguments>
<arg>name:username</arg>
<arg>${USUARIO}</arg>
</arguments>
<msg timestamp="20201106 19:15:02.356" level="INFO">Typing text 'admin@tictacshop.com' into text field 'name:username'.</msg>
<status status="PASS" starttime="20201106 19:15:02.356" endtime="20201106 19:15:02.474"></status>
</kw>
<kw name="Sleep" library="BuiltIn">
<doc>Pauses the test executed for the given time.</doc>
<arguments>
<arg>${LONG DELAY}</arg>
</arguments>
<msg timestamp="20201106 19:15:03.484" level="INFO">Slept 1 second</msg>
<status status="PASS" starttime="20201106 19:15:02.474" endtime="20201106 19:15:03.484"></status>
</kw>
<kw name="Capture Page Screenshot" library="SeleniumLibrary">
<doc>Takes a screenshot of the current page and embeds it into a log file.</doc>
<arguments>
<arg>Part_{index}.png</arg>
</arguments>
<msg timestamp="20201106 19:15:03.790" level="INFO" html="yes">&lt;/td&gt;&lt;/tr&gt;&lt;tr&gt;&lt;td colspan="3"&gt;&lt;a href="capturas/Part_2.png"&gt;&lt;img src="capturas/Part_2.png" width="800px"&gt;&lt;/a&gt;</msg>
<status status="PASS" starttime="20201106 19:15:03.485" endtime="20201106 19:15:03.790"></status>
</kw>
<kw name="Sleep" library="BuiltIn">
<doc>Pauses the test executed for the given time.</doc>
<arguments>
<arg>${LONG DELAY}</arg>
</arguments>
<msg timestamp="20201106 19:15:04.794" level="INFO">Slept 1 second</msg>
<status status="PASS" starttime="20201106 19:15:03.791" endtime="20201106 19:15:04.794"></status>
</kw>
<kw name="Input Text" library="SeleniumLibrary">
<doc>Types the given ``text`` into the text field identified by ``locator``.</doc>
<arguments>
<arg>name:password</arg>
<arg>${CONTRASEÑA}</arg>
</arguments>
<msg timestamp="20201106 19:15:04.795" level="INFO">Typing text 'clave_administrativa' into text field 'name:password'.</msg>
<status status="PASS" starttime="20201106 19:15:04.795" endtime="20201106 19:15:04.947"></status>
</kw>
<kw name="Sleep" library="BuiltIn">
<doc>Pauses the test executed for the given time.</doc>
<arguments>
<arg>${LONG DELAY}</arg>
</arguments>
<msg timestamp="20201106 19:15:05.955" level="INFO">Slept 1 second</msg>
<status status="PASS" starttime="20201106 19:15:04.947" endtime="20201106 19:15:05.955"></status>
</kw>
<kw name="Capture Page Screenshot" library="SeleniumLibrary">
<doc>Takes a screenshot of the current page and embeds it into a log file.</doc>
<arguments>
<arg>Part_{index}.png</arg>
</arguments>
<msg timestamp="20201106 19:15:06.230" level="INFO" html="yes">&lt;/td&gt;&lt;/tr&gt;&lt;tr&gt;&lt;td colspan="3"&gt;&lt;a href="capturas/Part_3.png"&gt;&lt;img src="capturas/Part_3.png" width="800px"&gt;&lt;/a&gt;</msg>
<status status="PASS" starttime="20201106 19:15:05.956" endtime="20201106 19:15:06.230"></status>
</kw>
<kw name="Sleep" library="BuiltIn">
<doc>Pauses the test executed for the given time.</doc>
<arguments>
<arg>${LONG DELAY}</arg>
</arguments>
<msg timestamp="20201106 19:15:07.233" level="INFO">Slept 1 second</msg>
<status status="PASS" starttime="20201106 19:15:06.231" endtime="20201106 19:15:07.233"></status>
</kw>
<kw name="Click Element" library="SeleniumLibrary">
<doc>Click the element identified by ``locator``.</doc>
<arguments>
<arg>xpath=//*[@id="login-form"]/div[3]/input</arg>
</arguments>
<msg timestamp="20201106 19:15:07.235" level="INFO">Clicking element 'xpath=//*[@id="login-form"]/div[3]/input'.</msg>
<status status="PASS" starttime="20201106 19:15:07.235" endtime="20201106 19:15:08.076"></status>
</kw>
<kw name="Sleep" library="BuiltIn">
<doc>Pauses the test executed for the given time.</doc>
<arguments>
<arg>${LONG DELAY}</arg>
</arguments>
<msg timestamp="20201106 19:15:09.090" level="INFO">Slept 1 second</msg>
<status status="PASS" starttime="20201106 19:15:08.076" endtime="20201106 19:15:09.090"></status>
</kw>
<kw name="Capture Page Screenshot" library="SeleniumLibrary">
<doc>Takes a screenshot of the current page and embeds it into a log file.</doc>
<arguments>
<arg>Part_{index}.png</arg>
</arguments>
<msg timestamp="20201106 19:15:09.367" level="INFO" html="yes">&lt;/td&gt;&lt;/tr&gt;&lt;tr&gt;&lt;td colspan="3"&gt;&lt;a href="capturas/Part_4.png"&gt;&lt;img src="capturas/Part_4.png" width="800px"&gt;&lt;/a&gt;</msg>
<status status="PASS" starttime="20201106 19:15:09.091" endtime="20201106 19:15:09.367"></status>
</kw>
<kw name="Sleep" library="BuiltIn">
<doc>Pauses the test executed for the given time.</doc>
<arguments>
<arg>${LONG DELAY}</arg>
</arguments>
<msg timestamp="20201106 19:15:10.374" level="INFO">Slept 1 second</msg>
<status status="PASS" starttime="20201106 19:15:09.368" endtime="20201106 19:15:10.374"></status>
</kw>
<kw name="Close Browser" library="SeleniumLibrary">
<doc>Closes the current browser.</doc>
<status status="PASS" starttime="20201106 19:15:10.375" endtime="20201106 19:15:12.816"></status>
</kw>
<status status="PASS" starttime="20201106 19:14:49.055" endtime="20201106 19:15:12.819" critical="yes"></status>
</test>
<status status="PASS" starttime="20201106 19:14:44.697" endtime="20201106 19:15:12.878"></status>
</suite>
<statistics>
<total>
<stat pass="1" fail="0">Critical Tests</stat>
<stat pass="1" fail="0">All Tests</stat>
</total>
<tag>
</tag>
<suite>
<stat pass="1" fail="0" id="s1" name="L001">L001</stat>
</suite>
</statistics>
<errors>
</errors>
</robot>
